# JRE version: OpenJDK Runtime Environment (8.0_152-b02) (build 1.8.0_152-release-1024-b02)
# Java VM: OpenJDK 64-Bit Server VM (25.152-b02 mixed mode windows-amd64 compressed oops)
Heap:
 PSYoungGen      total 348672K, used 75435K [0x00000000e0000000, 0x00000000ffc00000, 0x0000000100000000)
  eden space 225280K, 33% used [0x00000000e0000000,0x00000000e49aae50,0x00000000edc00000)
  from space 123392K, 0% used [0x00000000edc00000,0x00000000edc00000,0x00000000f5480000)
  to   space 123392K, 0% used [0x00000000f8380000,0x00000000f8380000,0x00000000ffc00000)
 ParOldGen       total 171520K, used 118880K [0x00000000a0000000, 0x00000000aa780000, 0x00000000e0000000)
  object space 171520K, 69% used [0x00000000a0000000,0x00000000a7418308,0x00000000aa780000)
 Metaspace       used 91781K, capacity 94904K, committed 98200K, reserved 1134592K
  class space    used 11038K, capacity 11723K, committed 12200K, reserved 1048576K
GC Heap History (10 events):
Event: 2507.736 GC heap before
{Heap before GC invocations=24 (full 4):
 PSYoungGen      total 225280K, used 225268K [0x00000000e0000000, 0x00000000f5e00000, 0x0000000100000000)
  eden space 164864K, 100% used [0x00000000e0000000,0x00000000ea100000,0x00000000ea100000)
  from space 60416K, 99% used [0x00000000ea100000,0x00000000edbfd350,0x00000000edc00000)
  to   space 76800K, 0% used [0x00000000f1300000,0x00000000f1300000,0x00000000f5e00000)
 ParOldGen       total 171520K, used 87978K [0x00000000a0000000, 0x00000000aa780000, 0x00000000e0000000)
  object space 171520K, 51% used [0x00000000a0000000,0x00000000a55ea988,0x00000000aa780000)
 Metaspace       used 80671K, capacity 83322K, committed 83480K, reserved 1122304K
  class space    used 9609K, capacity 10212K, committed 10280K, reserved 1048576K
Event: 2507.900 GC heap after
Heap after GC invocations=24 (full 4):
 PSYoungGen      total 261632K, used 76783K [0x00000000e0000000, 0x00000000f8500000, 0x0000000100000000)
  eden space 184832K, 0% used [0x00000000e0000000,0x00000000e0000000,0x00000000eb480000)
  from space 76800K, 99% used [0x00000000f1300000,0x00000000f5dfbdc0,0x00000000f5e00000)
  to   space 96768K, 0% used [0x00000000eb480000,0x00000000eb480000,0x00000000f1300000)
 ParOldGen       total 171520K, used 108025K [0x00000000a0000000, 0x00000000aa780000, 0x00000000e0000000)
  object space 171520K, 62% used [0x00000000a0000000,0x00000000a697e570,0x00000000aa780000)
 Metaspace       used 80671K, capacity 83322K, committed 83480K, reserved 1122304K
  class space    used 9609K, capacity 10212K, committed 10280K, reserved 1048576K
}
Event: 2511.023 GC heap before
{Heap before GC invocations=25 (full 4):
 PSYoungGen      total 261632K, used 261615K [0x00000000e0000000, 0x00000000f8500000, 0x0000000100000000)
  eden space 184832K, 100% used [0x00000000e0000000,0x00000000eb480000,0x00000000eb480000)
  from space 76800K, 99% used [0x00000000f1300000,0x00000000f5dfbdc0,0x00000000f5e00000)
  to   space 96768K, 0% used [0x00000000eb480000,0x00000000eb480000,0x00000000f1300000)
 ParOldGen       total 171520K, used 108025K [0x00000000a0000000, 0x00000000aa780000, 0x00000000e0000000)
  object space 171520K, 62% used [0x00000000a0000000,0x00000000a697e570,0x00000000aa780000)
 Metaspace       used 81929K, capacity 84756K, committed 84888K, reserved 1124352K
  class space    used 9692K, capacity 10301K, committed 10408K, reserved 1048576K
Event: 2511.234 GC heap after
Heap after GC invocations=25 (full 4):
 PSYoungGen      total 281600K, used 96747K [0x00000000e0000000, 0x00000000fc600000, 0x0000000100000000)
  eden space 184832K, 0% used [0x00000000e0000000,0x00000000e0000000,0x00000000eb480000)
  from space 96768K, 99% used [0x00000000eb480000,0x00000000f12fac58,0x00000000f1300000)
  to   space 116224K, 0% used [0x00000000f5480000,0x00000000f5480000,0x00000000fc600000)
 ParOldGen       total 171520K, used 117186K [0x00000000a0000000, 0x00000000aa780000, 0x00000000e0000000)
  object space 171520K, 68% used [0x00000000a0000000,0x00000000a72708f0,0x00000000aa780000)
 Metaspace       used 81929K, capacity 84756K, committed 84888K, reserved 1124352K
  class space    used 9692K, capacity 10301K, committed 10408K, reserved 1048576K
}
Event: 3397.233 GC heap before
{Heap before GC invocations=26 (full 4):
 PSYoungGen      total 281600K, used 281579K [0x00000000e0000000, 0x00000000fc600000, 0x0000000100000000)
  eden space 184832K, 100% used [0x00000000e0000000,0x00000000eb480000,0x00000000eb480000)
  from space 96768K, 99% used [0x00000000eb480000,0x00000000f12fac58,0x00000000f1300000)
  to   space 116224K, 0% used [0x00000000f5480000,0x00000000f5480000,0x00000000fc600000)
 ParOldGen       total 171520K, used 117186K [0x00000000a0000000, 0x00000000aa780000, 0x00000000e0000000)
  object space 171520K, 68% used [0x00000000a0000000,0x00000000a72708f0,0x00000000aa780000)
 Metaspace       used 83327K, capacity 86236K, committed 86296K, reserved 1124352K
  class space    used 9807K, capacity 10485K, committed 10536K, reserved 1048576K
Event: 3397.380 GC heap after
Heap after GC invocations=26 (full 4):
 PSYoungGen      total 341504K, used 82273K [0x00000000e0000000, 0x00000000fcf00000, 0x0000000100000000)
  eden space 225280K, 0% used [0x00000000e0000000,0x00000000e0000000,0x00000000edc00000)
  from space 116224K, 70% used [0x00000000f5480000,0x00000000fa4d87e8,0x00000000fc600000)
  to   space 123392K, 0% used [0x00000000edc00000,0x00000000edc00000,0x00000000f5480000)
 ParOldGen       total 171520K, used 135472K [0x00000000a0000000, 0x00000000aa780000, 0x00000000e0000000)
  object space 171520K, 78% used [0x00000000a0000000,0x00000000a844c330,0x00000000aa780000)
 Metaspace       used 83327K, capacity 86236K, committed 86296K, reserved 1124352K
  class space    used 9807K, capacity 10485K, committed 10536K, reserved 1048576K
}
Event: 3406.965 GC heap before
{Heap before GC invocations=27 (full 4):
 PSYoungGen      total 341504K, used 307553K [0x00000000e0000000, 0x00000000fcf00000, 0x0000000100000000)
  eden space 225280K, 100% used [0x00000000e0000000,0x00000000edc00000,0x00000000edc00000)
  from space 116224K, 70% used [0x00000000f5480000,0x00000000fa4d87e8,0x00000000fc600000)
  to   space 123392K, 0% used [0x00000000edc00000,0x00000000edc00000,0x00000000f5480000)
 ParOldGen       total 171520K, used 135472K [0x00000000a0000000, 0x00000000aa780000, 0x00000000e0000000)
  object space 171520K, 78% used [0x00000000a0000000,0x00000000a844c330,0x00000000aa780000)
 Metaspace       used 94272K, capacity 97832K, committed 97944K, reserved 1134592K
  class space    used 11288K, capacity 12091K, committed 12200K, reserved 1048576K
Event: 3407.092 GC heap after
Heap after GC invocations=27 (full 4):
 PSYoungGen      total 348672K, used 68211K [0x00000000e0000000, 0x00000000ffc00000, 0x0000000100000000)
  eden space 225280K, 0% used [0x00000000e0000000,0x00000000e0000000,0x00000000edc00000)
  from space 123392K, 55% used [0x00000000edc00000,0x00000000f1e9cd70,0x00000000f5480000)
  to   space 123392K, 0% used [0x00000000f8380000,0x00000000f8380000,0x00000000ffc00000)
 ParOldGen       total 171520K, used 169860K [0x00000000a0000000, 0x00000000aa780000, 0x00000000e0000000)
  object space 171520K, 99% used [0x00000000a0000000,0x00000000aa5e12b0,0x00000000aa780000)
 Metaspace       used 94272K, capacity 97832K, committed 97944K, reserved 1134592K
  class space    used 11288K, capacity 12091K, committed 12200K, reserved 1048576K
}
Event: 3407.092 GC heap before
{Heap before GC invocations=28 (full 5):
 PSYoungGen      total 348672K, used 68211K [0x00000000e0000000, 0x00000000ffc00000, 0x0000000100000000)
  eden space 225280K, 0% used [0x00000000e0000000,0x00000000e0000000,0x00000000edc00000)
  from space 123392K, 55% used [0x00000000edc00000,0x00000000f1e9cd70,0x00000000f5480000)
  to   space 123392K, 0% used [0x00000000f8380000,0x00000000f8380000,0x00000000ffc00000)
 ParOldGen       total 171520K, used 169860K [0x00000000a0000000, 0x00000000aa780000, 0x00000000e0000000)
  object space 171520K, 99% used [0x00000000a0000000,0x00000000aa5e12b0,0x00000000aa780000)
 Metaspace       used 94272K, capacity 97832K, committed 97944K, reserved 1134592K
  class space    used 11288K, capacity 12091K, committed 12200K, reserved 1048576K
Event: 3407.946 GC heap after
Heap after GC invocations=28 (full 5):
 PSYoungGen      total 348672K, used 0K [0x00000000e0000000, 0x00000000ffc00000, 0x0000000100000000)
  eden space 225280K, 0% used [0x00000000e0000000,0x00000000e0000000,0x00000000edc00000)
  from space 123392K, 0% used [0x00000000edc00000,0x00000000edc00000,0x00000000f5480000)
  to   space 123392K, 0% used [0x00000000f8380000,0x00000000f8380000,0x00000000ffc00000)
 ParOldGen       total 171520K, used 118880K [0x00000000a0000000, 0x00000000aa780000, 0x00000000e0000000)
  object space 171520K, 69% used [0x00000000a0000000,0x00000000a7418308,0x00000000aa780000)
 Metaspace       used 91170K, capacity 94260K, committed 97944K, reserved 1134592K
  class space    used 10941K, capacity 11607K, committed 12200K, reserved 1048576K
}

