# JRE version: OpenJDK Runtime Environment (8.0_152-b02) (build 1.8.0_152-release-1024-b02)
# Java VM: OpenJDK 64-Bit Server VM (25.152-b02 mixed mode windows-amd64 compressed oops)
Heap:
 PSYoungGen      total 385024K, used 170795K [0x00000000e0000000, 0x0000000100000000, 0x0000000100000000)
  eden space 266752K, 56% used [0x00000000e0000000,0x00000000e926ca90,0x00000000f0480000)
  from space 118272K, 17% used [0x00000000f0480000,0x00000000f18de518,0x00000000f7800000)
  to   space 115200K, 0% used [0x00000000f8f80000,0x00000000f8f80000,0x0000000100000000)
 ParOldGen       total 382976K, used 314360K [0x00000000a0000000, 0x00000000b7600000, 0x00000000e0000000)
  object space 382976K, 82% used [0x00000000a0000000,0x00000000b32fe2a8,0x00000000b7600000)
 Metaspace       used 101641K, capacity 105396K, committed 112472K, reserved 1148928K
  class space    used 11719K, capacity 12617K, committed 13696K, reserved 1048576K
GC Heap History (10 events):
Event: 11086.642 GC heap before
{Heap before GC invocations=53 (full 8):
 PSYoungGen      total 366592K, used 243431K [0x00000000e0000000, 0x00000000ff800000, 0x0000000100000000)
  eden space 229376K, 100% used [0x00000000e0000000,0x00000000ee000000,0x00000000ee000000)
  from space 137216K, 10% used [0x00000000f7200000,0x00000000f7fb9e58,0x00000000ff800000)
  to   space 143360K, 0% used [0x00000000ee000000,0x00000000ee000000,0x00000000f6c00000)
 ParOldGen       total 382976K, used 200174K [0x00000000a0000000, 0x00000000b7600000, 0x00000000e0000000)
  object space 382976K, 52% used [0x00000000a0000000,0x00000000ac37bb28,0x00000000b7600000)
 Metaspace       used 90188K, capacity 93272K, committed 112472K, reserved 1148928K
  class space    used 10156K, capacity 10865K, committed 13696K, reserved 1048576K
Event: 11086.689 GC heap after
Heap after GC invocations=53 (full 8):
 PSYoungGen      total 372736K, used 18673K [0x00000000e0000000, 0x00000000ffe00000, 0x0000000100000000)
  eden space 229376K, 0% used [0x00000000e0000000,0x00000000e0000000,0x00000000ee000000)
  from space 143360K, 13% used [0x00000000ee000000,0x00000000ef23c6a0,0x00000000f6c00000)
  to   space 139264K, 0% used [0x00000000f7600000,0x00000000f7600000,0x00000000ffe00000)
 ParOldGen       total 382976K, used 211108K [0x00000000a0000000, 0x00000000b7600000, 0x00000000e0000000)
  object space 382976K, 55% used [0x00000000a0000000,0x00000000ace29018,0x00000000b7600000)
 Metaspace       used 90188K, capacity 93272K, committed 112472K, reserved 1148928K
  class space    used 10156K, capacity 10865K, committed 13696K, reserved 1048576K
}
Event: 11096.526 GC heap before
{Heap before GC invocations=54 (full 8):
 PSYoungGen      total 372736K, used 248049K [0x00000000e0000000, 0x00000000ffe00000, 0x0000000100000000)
  eden space 229376K, 100% used [0x00000000e0000000,0x00000000ee000000,0x00000000ee000000)
  from space 143360K, 13% used [0x00000000ee000000,0x00000000ef23c6a0,0x00000000f6c00000)
  to   space 139264K, 0% used [0x00000000f7600000,0x00000000f7600000,0x00000000ffe00000)
 ParOldGen       total 382976K, used 211108K [0x00000000a0000000, 0x00000000b7600000, 0x00000000e0000000)
  object space 382976K, 55% used [0x00000000a0000000,0x00000000ace29018,0x00000000b7600000)
 Metaspace       used 91143K, capacity 94352K, committed 112472K, reserved 1148928K
  class space    used 10244K, capacity 11009K, committed 13696K, reserved 1048576K
Event: 11096.600 GC heap after
Heap after GC invocations=54 (full 8):
 PSYoungGen      total 365568K, used 33279K [0x00000000e0000000, 0x00000000fef00000, 0x0000000100000000)
  eden space 241664K, 0% used [0x00000000e0000000,0x00000000e0000000,0x00000000eec00000)
  from space 123904K, 26% used [0x00000000f7600000,0x00000000f967fd70,0x00000000fef00000)
  to   space 132608K, 0% used [0x00000000eec00000,0x00000000eec00000,0x00000000f6d80000)
 ParOldGen       total 382976K, used 224709K [0x00000000a0000000, 0x00000000b7600000, 0x00000000e0000000)
  object space 382976K, 58% used [0x00000000a0000000,0x00000000adb71680,0x00000000b7600000)
 Metaspace       used 91143K, capacity 94352K, committed 112472K, reserved 1148928K
  class space    used 10244K, capacity 11009K, committed 13696K, reserved 1048576K
}
Event: 11100.142 GC heap before
{Heap before GC invocations=55 (full 8):
 PSYoungGen      total 365568K, used 274943K [0x00000000e0000000, 0x00000000fef00000, 0x0000000100000000)
  eden space 241664K, 100% used [0x00000000e0000000,0x00000000eec00000,0x00000000eec00000)
  from space 123904K, 26% used [0x00000000f7600000,0x00000000f967fd70,0x00000000fef00000)
  to   space 132608K, 0% used [0x00000000eec00000,0x00000000eec00000,0x00000000f6d80000)
 ParOldGen       total 382976K, used 224709K [0x00000000a0000000, 0x00000000b7600000, 0x00000000e0000000)
  object space 382976K, 58% used [0x00000000a0000000,0x00000000adb71680,0x00000000b7600000)
 Metaspace       used 101155K, capacity 104854K, committed 112472K, reserved 1148928K
  class space    used 11669K, capacity 12544K, committed 13696K, reserved 1048576K
Event: 11100.212 GC heap after
Heap after GC invocations=55 (full 8):
 PSYoungGen      total 374272K, used 40476K [0x00000000e0000000, 0x00000000ff980000, 0x0000000100000000)
  eden space 241664K, 0% used [0x00000000e0000000,0x00000000e0000000,0x00000000eec00000)
  from space 132608K, 30% used [0x00000000eec00000,0x00000000f1387258,0x00000000f6d80000)
  to   space 124928K, 0% used [0x00000000f7f80000,0x00000000f7f80000,0x00000000ff980000)
 ParOldGen       total 382976K, used 251682K [0x00000000a0000000, 0x00000000b7600000, 0x00000000e0000000)
  object space 382976K, 65% used [0x00000000a0000000,0x00000000af5c8b20,0x00000000b7600000)
 Metaspace       used 101155K, capacity 104854K, committed 112472K, reserved 1148928K
  class space    used 11669K, capacity 12544K, committed 13696K, reserved 1048576K
}
Event: 11107.740 GC heap before
{Heap before GC invocations=56 (full 8):
 PSYoungGen      total 374272K, used 282140K [0x00000000e0000000, 0x00000000ff980000, 0x0000000100000000)
  eden space 241664K, 100% used [0x00000000e0000000,0x00000000eec00000,0x00000000eec00000)
  from space 132608K, 30% used [0x00000000eec00000,0x00000000f1387258,0x00000000f6d80000)
  to   space 124928K, 0% used [0x00000000f7f80000,0x00000000f7f80000,0x00000000ff980000)
 ParOldGen       total 382976K, used 251682K [0x00000000a0000000, 0x00000000b7600000, 0x00000000e0000000)
  object space 382976K, 65% used [0x00000000a0000000,0x00000000af5c8b20,0x00000000b7600000)
 Metaspace       used 101566K, capacity 105332K, committed 112472K, reserved 1148928K
  class space    used 11718K, capacity 12617K, committed 13696K, reserved 1048576K
Event: 11107.831 GC heap after
Heap after GC invocations=56 (full 8):
 PSYoungGen      total 377344K, used 36379K [0x00000000e0000000, 0x00000000feb80000, 0x0000000100000000)
  eden space 266752K, 0% used [0x00000000e0000000,0x00000000e0000000,0x00000000f0480000)
  from space 110592K, 32% used [0x00000000f7f80000,0x00000000fa306fd0,0x00000000feb80000)
  to   space 118272K, 0% used [0x00000000f0480000,0x00000000f0480000,0x00000000f7800000)
 ParOldGen       total 382976K, used 282690K [0x00000000a0000000, 0x00000000b7600000, 0x00000000e0000000)
  object space 382976K, 73% used [0x00000000a0000000,0x00000000b1410b68,0x00000000b7600000)
 Metaspace       used 101566K, capacity 105332K, committed 112472K, reserved 1148928K
  class space    used 11718K, capacity 12617K, committed 13696K, reserved 1048576K
}
Event: 11109.664 GC heap before
{Heap before GC invocations=57 (full 8):
 PSYoungGen      total 377344K, used 303131K [0x00000000e0000000, 0x00000000feb80000, 0x0000000100000000)
  eden space 266752K, 100% used [0x00000000e0000000,0x00000000f0480000,0x00000000f0480000)
  from space 110592K, 32% used [0x00000000f7f80000,0x00000000fa306fd0,0x00000000feb80000)
  to   space 118272K, 0% used [0x00000000f0480000,0x00000000f0480000,0x00000000f7800000)
 ParOldGen       total 382976K, used 282690K [0x00000000a0000000, 0x00000000b7600000, 0x00000000e0000000)
  object space 382976K, 73% used [0x00000000a0000000,0x00000000b1410b68,0x00000000b7600000)
 Metaspace       used 101619K, capacity 105396K, committed 112472K, reserved 1148928K
  class space    used 11719K, capacity 12617K, committed 13696K, reserved 1048576K
Event: 11109.746 GC heap after
Heap after GC invocations=57 (full 8):
 PSYoungGen      total 385024K, used 20857K [0x00000000e0000000, 0x0000000100000000, 0x0000000100000000)
  eden space 266752K, 0% used [0x00000000e0000000,0x00000000e0000000,0x00000000f0480000)
  from space 118272K, 17% used [0x00000000f0480000,0x00000000f18de518,0x00000000f7800000)
  to   space 115200K, 0% used [0x00000000f8f80000,0x00000000f8f80000,0x0000000100000000)
 ParOldGen       total 382976K, used 314360K [0x00000000a0000000, 0x00000000b7600000, 0x00000000e0000000)
  object space 382976K, 82% used [0x00000000a0000000,0x00000000b32fe2a8,0x00000000b7600000)
 Metaspace       used 101619K, capacity 105396K, committed 112472K, reserved 1148928K
  class space    used 11719K, capacity 12617K, committed 13696K, reserved 1048576K
}

